This is pdfTeXk, Version 3.141592-1.40.3 (Web2C 7.5.6) (format=latex 2012.2.16)  24 AUG 2015 17:06
entering extended mode
 %&-line parsing enabled.
**Ray_tracing_notes.tex
(./Ray_tracing_notes.tex
LaTeX2e <2005/12/01>
Babel <v3.8h> and hyphenation patterns for english, usenglishmax, dumylang, noh
yphenation, arabic, basque, bulgarian, coptic, welsh, czech, slovak, german, ng
erman, danish, esperanto, spanish, catalan, galician, estonian, farsi, finnish,
 french, greek, monogreek, ancientgreek, croatian, hungarian, interlingua, ibyc
us, indonesian, icelandic, italian, latin, mongolian, dutch, norsk, polish, por
tuguese, pinyin, romanian, russian, slovenian, uppersorbian, serbian, swedish, 
turkish, ukenglish, ukrainian, loaded.
(/usr/share/texmf/tex/latex/base/article.cls
Document Class: article 2005/09/16 v1.4f Standard LaTeX document class
(/usr/share/texmf/tex/latex/base/size12.clo
File: size12.clo 2005/09/16 v1.4f Standard LaTeX file (size option)
)
\c@part=\count79
\c@section=\count80
\c@subsection=\count81
\c@subsubsection=\count82
\c@paragraph=\count83
\c@subparagraph=\count84
\c@figure=\count85
\c@table=\count86
\abovecaptionskip=\skip41
\belowcaptionskip=\skip42
\bibindent=\dimen102
)
(/usr/share/texmf/tex/latex/natbib/natbib.sty
Package: natbib 2007/02/05 8.0 (PWD)
\bibhang=\skip43
\bibsep=\skip44
LaTeX Info: Redefining \cite on input line 602.
\c@NAT@ctr=\count87
) (./Ray_tracing_notes.aux)
\openout1 = `Ray_tracing_notes.aux'.

LaTeX Font Info:    Checking defaults for OML/cmm/m/it on input line 9.
LaTeX Font Info:    ... okay on input line 9.
LaTeX Font Info:    Checking defaults for T1/cmr/m/n on input line 9.
LaTeX Font Info:    ... okay on input line 9.
LaTeX Font Info:    Checking defaults for OT1/cmr/m/n on input line 9.
LaTeX Font Info:    ... okay on input line 9.
LaTeX Font Info:    Checking defaults for OMS/cmsy/m/n on input line 9.
LaTeX Font Info:    ... okay on input line 9.
LaTeX Font Info:    Checking defaults for OMX/cmex/m/n on input line 9.
LaTeX Font Info:    ... okay on input line 9.
LaTeX Font Info:    Checking defaults for U/cmr/m/n on input line 9.
LaTeX Font Info:    ... okay on input line 9.
LaTeX Font Info:    External font `cmex10' loaded for size
(Font)              <14.4> on input line 13.
LaTeX Font Info:    External font `cmex10' loaded for size
(Font)              <7> on input line 13.

Overfull \hbox (5.46976pt too wide) in paragraph at lines 17--17
[]\OT1/cmr/bx/n/17.28 Framework for pa-ram-e-ter-iz-ing low-mode in-
 []


Package natbib Warning: Citation `Munk&Wunsch98;Wunsch&Ferrari04' on page 1 und
efined on input line 19.

LaTeX Font Info:    External font `cmex10' loaded for size
(Font)              <12> on input line 19.
LaTeX Font Info:    External font `cmex10' loaded for size
(Font)              <8> on input line 19.
LaTeX Font Info:    External font `cmex10' loaded for size
(Font)              <6> on input line 19.

Package natbib Warning: Citation `Munk' on page 1 undefined on input line 19.


Package natbib Warning: Citation `Lighthill76' on page 1 undefined on input lin
e 25.

[1

]
Overfull \hbox (3.95494pt too wide) in paragraph at lines 51--53
\OT1/cmr/m/n/12 then plug-ging in equa-tion 5[] (for $\OML/cmm/m/it/12 dk[]=dt$
\OT1/cmr/m/n/12 ) and the spec-i-fi-ca-tion of $[][] \OMS/cmsy/m/n/12 ^^Q \OML/
cmm/m/it/12 @!=@k[] \OT1/cmr/m/n/12 =
 []

[2]

Package natbib Warning: There were undefined citations.

[3] (./Ray_tracing_notes.aux) ) 
Here is how much of TeX's memory you used:
 506 strings out of 256217
 5678 string characters out of 1917095
 55425 words of memory out of 1500000
 3862 multiletter control sequences out of 10000+200000
 9462 words of font info for 33 fonts, out of 1200000 for 2000
 645 hyphenation exceptions out of 8191
 22i,6n,22p,934b,187s stack positions out of 5000i,500n,6000p,200000b,15000s

Output written on Ray_tracing_notes.dvi (3 pages, 8652 bytes).
